<?xml version="1.0" encoding="UTF-8"?>
<beans xmlns="http://www.springframework.org/schema/beans"
	xmlns:xsi="http://www.w3.org/2001/XMLSchema-instance" xmlns:jdbc="http://www.springframework.org/schema/jdbc"
	xmlns:tx="http://www.springframework.org/schema/tx" xmlns:aop="http://www.springframework.org/schema/aop"
	xsi:schemaLocation="http://www.springframework.org/schema/jdbc http://www.springframework.org/schema/jdbc/spring-jdbc.xsd
		http://www.springframework.org/schema/aop http://www.springframework.org/schema/aop/spring-aop.xsd
		http://www.springframework.org/schema/beans http://www.springframework.org/schema/beans/spring-beans.xsd
		http://www.springframework.org/schema/tx http://www.springframework.org/schema/tx/spring-tx.xsd">

	<description><![CDATA[This is the main DataSource configuration file. The
		DataSource properties and credentials are provided here]]></description>

	<!-- DATA SOURCE, TRANSACTION AND IBATIS SQLMAP CONFIGURATIONS -->
	<bean id="sqlMapClient" class="org.springframework.orm.ibatis.SqlMapClientFactoryBean">
		<property name="configLocation" value="ibatis-config.xml" />
		<property name="dataSource" ref="dataSource" />
	</bean>

	<bean id="ibatisTemplate" class="org.springframework.orm.ibatis.SqlMapClientTemplate">
		<property name="sqlMapClient" ref="sqlMapClient" />
	</bean>

	<beans profile="dev">
		<jdbc:embedded-database id="dataSource" type="HSQL">
			<jdbc:script location="classpath:SourceDB.sql" />
		</jdbc:embedded-database>
	</beans>

</beans>
